<?xml version="1.0" encoding="UTF-8" ?>
<testsuite tests="7" failures="0" name="TestSuite" time="13.288" errors="0" skipped="0">
  <properties>
[...]
</properties>
  <testcase classname="com.my.cases.LoginTest" name="loginTrue" time="0.973"/>
  <testcase classname="com.my.cases.LoginTest" name="loginFalse" time="0.042"/>
  <testcase classname="com.my.cases.AddUserTest" name="addUser" time="2.102"/>
  <testcase classname="com.my.cases.GetUserInfoTest" name="getUserInfo" time="2.04"/>
  <testcase classname="com.my.cases.UpdateUserInfoTest" name="updateUserInfo" time="3.076"/>
  <testcase classname="com.my.cases.UpdateUserInfoTest" name="deleteUser" time="2.038"/>
  <testcase classname="com.my.cases.GetUserInfoListTest" name="getUserListInfo" time="2.076"/>
</testsuite>