<?xml version="1.0" encoding="UTF-8"?>
<!-- Generated by org.testng.reporters.JUnitXMLReporter -->
<testsuite hostname="LAPTOP-2NBJ6FCH" ignored="0" name="用户管理系统测试用例" tests="7" failures="0" timestamp="03 六月 2023 16:34:57 GMT" time="12.395" errors="0">
  <testcase name="loginTrue" time="0.972" classname="com.my.cases.LoginTest"/>
  <testcase name="loginFalse" time="0.041" classname="com.my.cases.LoginTest"/>
  <testcase name="addUser" time="2.102" classname="com.my.cases.AddUserTest"/>
  <testcase name="getUserInfo" time="2.04" classname="com.my.cases.GetUserInfoTest"/>
  <testcase name="updateUserInfo" time="3.076" classname="com.my.cases.UpdateUserInfoTest"/>
  <testcase name="deleteUser" time="2.039" classname="com.my.cases.UpdateUserInfoTest"/>
  <testcase name="getUserListInfo" time="2.076" classname="com.my.cases.GetUserInfoListTest"/>
</testsuite> <!-- 用户管理系统测试用例 -->
